<?xml version="1.0" encoding="UTF-8"?>
<!-- Generated by org.testng.reporters.JUnitReportReporter -->
<testsuite hostname="DESKTOP-PDQG53T" failures="0" tests="1" name="com.sunseed.testcases.Tc_02" time="16.746" errors="0" timestamp="2024-05-26T20:59:37 IST" skipped="0">
  <testcase classname="com.sunseed.testcases.Tc_02" name="preprocessor" time="16.746"/>
  <system-out/>
</testsuite> <!-- com.sunseed.testcases.Tc_02 -->
