<?xml version="1.0" encoding="UTF-8"?>
<!-- Generated by org.testng.reporters.JUnitReportReporter -->
<testsuite hostname="DESKTOP-PDQG53T" failures="0" tests="3" name="TestNG.Currentaccountclass1" time="0.017" errors="0" timestamp="2024-06-12T18:48:26 IST" skipped="0">
  <testcase classname="TestNG.Currentaccountclass1" name="m2" time="0.004"/>
  <system-out/>
  <testcase classname="TestNG.Currentaccountclass1" name="m1" time="0.012"/>
  <system-out/>
  <testcase classname="TestNG.Currentaccountclass1" name="m1" time="0.001"/>
  <system-out/>
</testsuite> <!-- TestNG.Currentaccountclass1 -->
