<?xml version="1.0" encoding="UTF-8"?>
<!-- Generated by org.testng.reporters.JUnitReportReporter -->
<testsuite hostname="DESKTOP-PDQG53T" failures="0" tests="4" name="TestNG.groupattribute" time="0.071" errors="0" timestamp="2024-06-12T17:39:05 IST" skipped="0">
  <testcase classname="TestNG.groupattribute" name="maruti" time="0.017"/>
  <system-out/>
  <testcase classname="TestNG.groupattribute" name="wipro" time="0.018"/>
  <system-out/>
  <testcase classname="TestNG.groupattribute" name="tata" time="0.018"/>
  <system-out/>
  <testcase classname="TestNG.groupattribute" name="infosys" time="0.018"/>
  <system-out/>
</testsuite> <!-- TestNG.groupattribute -->
