<?xml version="1.0" encoding="UTF-8"?>
<!-- Generated by org.testng.reporters.JUnitReportReporter -->
<testsuite hostname="DESKTOP-PDQG53T" failures="0" tests="2" name="TestNG.Currentaccountclass2" time="0.014" errors="0" timestamp="2024-06-12T17:56:59 IST" skipped="0">
  <testcase classname="TestNG.Currentaccountclass2" name="m2" time="0.001"/>
  <system-out/>
  <testcase classname="TestNG.Currentaccountclass2" name="m1" time="0.013"/>
  <system-out/>
</testsuite> <!-- TestNG.Currentaccountclass2 -->
