<?xml version="1.0" encoding="UTF-8"?>
<!-- Generated by org.testng.reporters.JUnitReportReporter -->
<testsuite hostname="DESKTOP-PDQG53T" failures="0" tests="1" name="TestNG.Session1" time="12.927" errors="0" timestamp="2024-06-08T23:29:19 IST" skipped="0">
  <testcase classname="TestNG.Session1" name="SignIn" time="12.927"/>
  <system-out/>
</testsuite> <!-- TestNG.Session1 -->
