<?xml version="1.0" encoding="UTF-8"?>
<!-- Generated by org.testng.reporters.JUnitReportReporter -->
<testsuite hostname="DESKTOP-PDQG53T" failures="0" tests="2" name="TestNG.Testcase1" time="0.012" errors="0" timestamp="2024-06-09T20:01:57 IST" skipped="0">
  <testcase classname="TestNG.Testcase1" name="test2" time="0.003"/>
  <system-out/>
  <testcase classname="TestNG.Testcase1" name="test1" time="0.009"/>
  <system-out/>
</testsuite> <!-- TestNG.Testcase1 -->
